[2023-05-03 12:36:57,309] {taskinstance.py:1159} INFO - Dependencies all met for <TaskInstance: gaiax.extract_os manual__2023-05-03T12:36:56.182760+00:00 [queued]>
[2023-05-03 12:36:57,335] {taskinstance.py:1159} INFO - Dependencies all met for <TaskInstance: gaiax.extract_os manual__2023-05-03T12:36:56.182760+00:00 [queued]>
[2023-05-03 12:36:57,335] {taskinstance.py:1356} INFO - 
--------------------------------------------------------------------------------
[2023-05-03 12:36:57,335] {taskinstance.py:1357} INFO - Starting attempt 1 of 7
[2023-05-03 12:36:57,336] {taskinstance.py:1358} INFO - 
--------------------------------------------------------------------------------
[2023-05-03 12:36:57,374] {taskinstance.py:1377} INFO - Executing <Task(PythonOperator): extract_os> on 2023-05-03 12:36:56.182760+00:00
[2023-05-03 12:36:57,381] {standard_task_runner.py:52} INFO - Started process 404 to run task
[2023-05-03 12:36:57,388] {standard_task_runner.py:79} INFO - Running: ['***', 'tasks', 'run', 'gaiax', 'extract_os', 'manual__2023-05-03T12:36:56.182760+00:00', '--job-id', '2', '--raw', '--subdir', 'DAGS_FOLDER/backup.py', '--cfg-path', '/tmp/tmp4dkvg3i7', '--error-file', '/tmp/tmpjp8lgrfm']
[2023-05-03 12:36:57,390] {standard_task_runner.py:80} INFO - Job 2: Subtask extract_os
[2023-05-03 12:36:57,519] {task_command.py:369} INFO - Running <TaskInstance: gaiax.extract_os manual__2023-05-03T12:36:56.182760+00:00 [running]> on host bd1aaa434c35
[2023-05-03 12:36:57,685] {taskinstance.py:1571} INFO - Exporting the following env vars:
AIRFLOW_CTX_DAG_EMAIL=***@example.com
AIRFLOW_CTX_DAG_OWNER=***
AIRFLOW_CTX_DAG_ID=gaiax
AIRFLOW_CTX_TASK_ID=extract_os
AIRFLOW_CTX_EXECUTION_DATE=2023-05-03T12:36:56.182760+00:00
AIRFLOW_CTX_TRY_NUMBER=1
AIRFLOW_CTX_DAG_RUN_ID=manual__2023-05-03T12:36:56.182760+00:00
[2023-05-03 12:36:57,686] {backup.py:9} INFO - extract process
[2023-05-03 12:36:57,686] {python.py:173} INFO - Done. Returned value was: None
[2023-05-03 12:36:57,714] {taskinstance.py:1400} INFO - Marking task as SUCCESS. dag_id=gaiax, task_id=extract_os, execution_date=20230503T123656, start_date=20230503T123657, end_date=20230503T123657
[2023-05-03 12:36:57,759] {local_task_job.py:156} INFO - Task exited with return code 0
[2023-05-03 12:36:57,825] {local_task_job.py:273} INFO - 0 downstream tasks scheduled from follow-on schedule check
