[2023-05-03 10:42:17,077] {manager.py:474} INFO - Processing files using up to 2 processes at a time 
[2023-05-03 10:42:17,077] {manager.py:475} INFO - Process each file at most once every 30 seconds
[2023-05-03 10:42:17,077] {manager.py:477} INFO - Checking for new files in /opt/airflow/dags every 300 seconds
[2023-05-03 10:42:17,077] {manager.py:684} INFO - Searching for files in /opt/airflow/dags
[2023-05-03 10:42:17,078] {manager.py:687} INFO - There are 0 files in /opt/airflow/dags
[2023-05-03 10:47:17,907] {manager.py:684} INFO - Searching for files in /opt/airflow/dags
[2023-05-03 10:47:17,908] {manager.py:687} INFO - There are 0 files in /opt/airflow/dags
[2023-05-03 11:41:06,942] {manager.py:474} INFO - Processing files using up to 2 processes at a time 
[2023-05-03 11:41:06,942] {manager.py:475} INFO - Process each file at most once every 30 seconds
[2023-05-03 11:41:06,942] {manager.py:477} INFO - Checking for new files in /opt/airflow/dags every 300 seconds
[2023-05-03 11:41:06,942] {manager.py:684} INFO - Searching for files in /opt/airflow/dags
[2023-05-03 11:41:06,943] {manager.py:687} INFO - There are 0 files in /opt/airflow/dags
[2023-05-03 11:46:07,781] {manager.py:684} INFO - Searching for files in /opt/airflow/dags
[2023-05-03 11:46:07,781] {manager.py:687} INFO - There are 0 files in /opt/airflow/dags
[2023-05-03 11:51:08,531] {manager.py:684} INFO - Searching for files in /opt/airflow/dags
[2023-05-03 11:51:08,533] {manager.py:687} INFO - There are 0 files in /opt/airflow/dags
[2023-05-03 11:56:09,343] {manager.py:684} INFO - Searching for files in /opt/airflow/dags
[2023-05-03 11:56:09,344] {manager.py:687} INFO - There are 0 files in /opt/airflow/dags
[2023-05-03 12:01:10,199] {manager.py:684} INFO - Searching for files in /opt/airflow/dags
[2023-05-03 12:01:10,200] {manager.py:687} INFO - There are 0 files in /opt/airflow/dags
[2023-05-03 12:06:11,088] {manager.py:684} INFO - Searching for files in /opt/airflow/dags
[2023-05-03 12:06:11,089] {manager.py:687} INFO - There are 0 files in /opt/airflow/dags
[2023-05-03 12:11:11,903] {manager.py:684} INFO - Searching for files in /opt/airflow/dags
[2023-05-03 12:11:11,903] {manager.py:687} INFO - There are 0 files in /opt/airflow/dags
[2023-05-03 12:16:12,728] {manager.py:684} INFO - Searching for files in /opt/airflow/dags
[2023-05-03 12:16:12,733] {manager.py:687} INFO - There are 1 files in /opt/airflow/dags
[2023-05-03 12:16:12,781] {manager.py:803} INFO - 
================================================================================
DAG File Processing Stats

File Path                      PID  Runtime      # DAGs    # Errors  Last Runtime    Last Run
---------------------------  -----  ---------  --------  ----------  --------------  ----------
/opt/airflow/dags/backup.py    188  0.01s             0           0
================================================================================
[2023-05-03 12:16:42,868] {manager.py:803} INFO - 
================================================================================
DAG File Processing Stats

File Path                    PID    Runtime      # DAGs    # Errors  Last Runtime    Last Run
---------------------------  -----  ---------  --------  ----------  --------------  -------------------
/opt/airflow/dags/backup.py                           1           0  0.27s           2023-05-03T12:16:13
================================================================================
[2023-05-03 12:17:13,209] {manager.py:803} INFO - 
================================================================================
DAG File Processing Stats

File Path                    PID    Runtime      # DAGs    # Errors  Last Runtime    Last Run
---------------------------  -----  ---------  --------  ----------  --------------  -------------------
/opt/airflow/dags/backup.py                           1           0  0.13s           2023-05-03T12:16:43
================================================================================
[2023-05-03 12:17:43,390] {manager.py:803} INFO - 
================================================================================
DAG File Processing Stats

File Path                    PID    Runtime      # DAGs    # Errors  Last Runtime    Last Run
---------------------------  -----  ---------  --------  ----------  --------------  -------------------
/opt/airflow/dags/backup.py                           1           0  0.13s           2023-05-03T12:17:13
================================================================================
[2023-05-03 12:18:13,602] {manager.py:803} INFO - 
================================================================================
DAG File Processing Stats

File Path                    PID    Runtime      # DAGs    # Errors  Last Runtime    Last Run
---------------------------  -----  ---------  --------  ----------  --------------  -------------------
/opt/airflow/dags/backup.py                           1           0  0.16s           2023-05-03T12:17:43
================================================================================
[2023-05-03 12:18:43,819] {manager.py:803} INFO - 
================================================================================
DAG File Processing Stats

File Path                    PID    Runtime      # DAGs    # Errors  Last Runtime    Last Run
---------------------------  -----  ---------  --------  ----------  --------------  -------------------
/opt/airflow/dags/backup.py                           1           0  0.14s           2023-05-03T12:18:13
================================================================================
[2023-05-03 12:19:14,029] {manager.py:803} INFO - 
================================================================================
DAG File Processing Stats

File Path                    PID    Runtime      # DAGs    # Errors  Last Runtime    Last Run
---------------------------  -----  ---------  --------  ----------  --------------  -------------------
/opt/airflow/dags/backup.py                           1           0  0.13s           2023-05-03T12:18:44
================================================================================
[2023-05-03 12:19:44,214] {manager.py:803} INFO - 
================================================================================
DAG File Processing Stats

File Path                    PID    Runtime      # DAGs    # Errors  Last Runtime    Last Run
---------------------------  -----  ---------  --------  ----------  --------------  -------------------
/opt/airflow/dags/backup.py                           1           0  0.14s           2023-05-03T12:19:14
================================================================================
[2023-05-03 12:20:14,423] {manager.py:803} INFO - 
================================================================================
DAG File Processing Stats

File Path                    PID    Runtime      # DAGs    # Errors  Last Runtime    Last Run
---------------------------  -----  ---------  --------  ----------  --------------  -------------------
/opt/airflow/dags/backup.py                           1           0  0.12s           2023-05-03T12:19:44
================================================================================
[2023-05-03 12:20:44,599] {manager.py:803} INFO - 
================================================================================
DAG File Processing Stats

File Path                    PID    Runtime      # DAGs    # Errors  Last Runtime    Last Run
---------------------------  -----  ---------  --------  ----------  --------------  -------------------
/opt/airflow/dags/backup.py                           1           0  0.14s           2023-05-03T12:20:14
================================================================================
[2023-05-03 12:21:12,791] {manager.py:684} INFO - Searching for files in /opt/airflow/dags
[2023-05-03 12:21:12,795] {manager.py:687} INFO - There are 1 files in /opt/airflow/dags
[2023-05-03 12:21:14,827] {manager.py:803} INFO - 
================================================================================
DAG File Processing Stats

File Path                    PID    Runtime      # DAGs    # Errors  Last Runtime    Last Run
---------------------------  -----  ---------  --------  ----------  --------------  -------------------
/opt/airflow/dags/backup.py                           1           0  0.14s           2023-05-03T12:20:44
================================================================================
[2023-05-03 12:21:45,003] {manager.py:803} INFO - 
================================================================================
DAG File Processing Stats

File Path                    PID    Runtime      # DAGs    # Errors  Last Runtime    Last Run
---------------------------  -----  ---------  --------  ----------  --------------  -------------------
/opt/airflow/dags/backup.py                           1           0  0.13s           2023-05-03T12:21:15
================================================================================
[2023-05-03 12:22:15,191] {manager.py:803} INFO - 
================================================================================
DAG File Processing Stats

File Path                    PID    Runtime      # DAGs    # Errors  Last Runtime    Last Run
---------------------------  -----  ---------  --------  ----------  --------------  -------------------
/opt/airflow/dags/backup.py                           1           0  0.10s           2023-05-03T12:21:45
================================================================================
[2023-05-03 12:22:45,363] {manager.py:803} INFO - 
================================================================================
DAG File Processing Stats

File Path                    PID    Runtime      # DAGs    # Errors  Last Runtime    Last Run
---------------------------  -----  ---------  --------  ----------  --------------  -------------------
/opt/airflow/dags/backup.py                           1           0  0.13s           2023-05-03T12:22:15
================================================================================
[2023-05-03 12:23:15,554] {manager.py:803} INFO - 
================================================================================
DAG File Processing Stats

File Path                    PID    Runtime      # DAGs    # Errors  Last Runtime    Last Run
---------------------------  -----  ---------  --------  ----------  --------------  -------------------
/opt/airflow/dags/backup.py                           1           0  0.11s           2023-05-03T12:22:45
================================================================================
[2023-05-03 12:23:45,726] {manager.py:803} INFO - 
================================================================================
DAG File Processing Stats

File Path                    PID    Runtime      # DAGs    # Errors  Last Runtime    Last Run
---------------------------  -----  ---------  --------  ----------  --------------  -------------------
/opt/airflow/dags/backup.py                           1           0  0.13s           2023-05-03T12:23:15
================================================================================
[2023-05-03 12:24:15,924] {manager.py:803} INFO - 
================================================================================
DAG File Processing Stats

File Path                    PID    Runtime      # DAGs    # Errors  Last Runtime    Last Run
---------------------------  -----  ---------  --------  ----------  --------------  -------------------
/opt/airflow/dags/backup.py                           1           0  0.14s           2023-05-03T12:23:45
================================================================================
[2023-05-03 12:24:46,101] {manager.py:803} INFO - 
================================================================================
DAG File Processing Stats

File Path                    PID    Runtime      # DAGs    # Errors  Last Runtime    Last Run
---------------------------  -----  ---------  --------  ----------  --------------  -------------------
/opt/airflow/dags/backup.py                           1           0  0.10s           2023-05-03T12:24:16
================================================================================
[2023-05-03 12:25:16,286] {manager.py:803} INFO - 
================================================================================
DAG File Processing Stats

File Path                    PID    Runtime      # DAGs    # Errors  Last Runtime    Last Run
---------------------------  -----  ---------  --------  ----------  --------------  -------------------
/opt/airflow/dags/backup.py                           1           0  0.14s           2023-05-03T12:24:46
================================================================================
[2023-05-03 12:25:46,483] {manager.py:803} INFO - 
================================================================================
DAG File Processing Stats

File Path                    PID    Runtime      # DAGs    # Errors  Last Runtime    Last Run
---------------------------  -----  ---------  --------  ----------  --------------  -------------------
/opt/airflow/dags/backup.py                           1           0  0.13s           2023-05-03T12:25:16
================================================================================
[2023-05-03 12:26:13,653] {manager.py:684} INFO - Searching for files in /opt/airflow/dags
[2023-05-03 12:26:13,655] {manager.py:687} INFO - There are 1 files in /opt/airflow/dags
[2023-05-03 12:26:16,687] {manager.py:803} INFO - 
================================================================================
DAG File Processing Stats

File Path                    PID    Runtime      # DAGs    # Errors  Last Runtime    Last Run
---------------------------  -----  ---------  --------  ----------  --------------  -------------------
/opt/airflow/dags/backup.py                           1           0  0.16s           2023-05-03T12:25:46
================================================================================
[2023-05-03 12:26:46,881] {manager.py:803} INFO - 
================================================================================
DAG File Processing Stats

File Path                    PID    Runtime      # DAGs    # Errors  Last Runtime    Last Run
---------------------------  -----  ---------  --------  ----------  --------------  -------------------
/opt/airflow/dags/backup.py                           1           0  0.13s           2023-05-03T12:26:16
================================================================================
[2023-05-03 12:27:17,106] {manager.py:803} INFO - 
================================================================================
DAG File Processing Stats

File Path                      PID  Runtime      # DAGs    # Errors  Last Runtime    Last Run
---------------------------  -----  ---------  --------  ----------  --------------  -------------------
/opt/airflow/dags/backup.py    298  0.01s             1           0  0.11s           2023-05-03T12:26:47
================================================================================
[2023-05-03 12:27:47,244] {manager.py:803} INFO - 
================================================================================
DAG File Processing Stats

File Path                      PID  Runtime      # DAGs    # Errors  Last Runtime    Last Run
---------------------------  -----  ---------  --------  ----------  --------------  -------------------
/opt/airflow/dags/backup.py    303  0.01s             1           0  0.12s           2023-05-03T12:27:17
================================================================================
[2023-05-03 12:28:17,362] {manager.py:803} INFO - 
================================================================================
DAG File Processing Stats

File Path                    PID    Runtime      # DAGs    # Errors  Last Runtime    Last Run
---------------------------  -----  ---------  --------  ----------  --------------  -------------------
/opt/airflow/dags/backup.py                           1           0  0.13s           2023-05-03T12:27:47
================================================================================
[2023-05-03 12:28:47,510] {manager.py:803} INFO - 
================================================================================
DAG File Processing Stats

File Path                    PID    Runtime      # DAGs    # Errors  Last Runtime    Last Run
---------------------------  -----  ---------  --------  ----------  --------------  -------------------
/opt/airflow/dags/backup.py                           1           0  0.13s           2023-05-03T12:28:17
================================================================================
[2023-05-03 12:29:17,707] {manager.py:803} INFO - 
================================================================================
DAG File Processing Stats

File Path                    PID    Runtime      # DAGs    # Errors  Last Runtime    Last Run
---------------------------  -----  ---------  --------  ----------  --------------  -------------------
/opt/airflow/dags/backup.py                           1           0  0.14s           2023-05-03T12:28:47
================================================================================
[2023-05-03 12:29:47,903] {manager.py:803} INFO - 
================================================================================
DAG File Processing Stats

File Path                    PID    Runtime      # DAGs    # Errors  Last Runtime    Last Run
---------------------------  -----  ---------  --------  ----------  --------------  -------------------
/opt/airflow/dags/backup.py                           1           0  0.15s           2023-05-03T12:29:17
================================================================================
[2023-05-03 12:30:18,137] {manager.py:803} INFO - 
================================================================================
DAG File Processing Stats

File Path                    PID    Runtime      # DAGs    # Errors  Last Runtime    Last Run
---------------------------  -----  ---------  --------  ----------  --------------  -------------------
/opt/airflow/dags/backup.py                           1           0  0.14s           2023-05-03T12:29:48
================================================================================
[2023-05-03 12:30:48,283] {manager.py:803} INFO - 
================================================================================
DAG File Processing Stats

File Path                    PID    Runtime      # DAGs    # Errors  Last Runtime    Last Run
---------------------------  -----  ---------  --------  ----------  --------------  -------------------
/opt/airflow/dags/backup.py                           1           0  0.10s           2023-05-03T12:30:18
================================================================================
[2023-05-03 12:31:14,412] {manager.py:684} INFO - Searching for files in /opt/airflow/dags
[2023-05-03 12:31:14,413] {manager.py:687} INFO - There are 1 files in /opt/airflow/dags
[2023-05-03 12:31:18,436] {manager.py:803} INFO - 
================================================================================
DAG File Processing Stats

File Path                    PID    Runtime      # DAGs    # Errors  Last Runtime    Last Run
---------------------------  -----  ---------  --------  ----------  --------------  -------------------
/opt/airflow/dags/backup.py                           1           0  0.19s           2023-05-03T12:30:48
================================================================================
[2023-05-03 12:31:48,677] {manager.py:803} INFO - 
================================================================================
DAG File Processing Stats

File Path                    PID    Runtime      # DAGs    # Errors  Last Runtime    Last Run
---------------------------  -----  ---------  --------  ----------  --------------  -------------------
/opt/airflow/dags/backup.py                           1           0  0.17s           2023-05-03T12:31:18
================================================================================
[2023-05-03 12:32:18,912] {manager.py:803} INFO - 
================================================================================
DAG File Processing Stats

File Path                    PID    Runtime      # DAGs    # Errors  Last Runtime    Last Run
---------------------------  -----  ---------  --------  ----------  --------------  -------------------
/opt/airflow/dags/backup.py                           1           0  0.18s           2023-05-03T12:31:48
================================================================================
[2023-05-03 12:32:49,153] {manager.py:803} INFO - 
================================================================================
DAG File Processing Stats

File Path                    PID    Runtime      # DAGs    # Errors  Last Runtime    Last Run
---------------------------  -----  ---------  --------  ----------  --------------  -------------------
/opt/airflow/dags/backup.py                           1           0  0.20s           2023-05-03T12:32:19
================================================================================
[2023-05-03 12:33:19,423] {manager.py:803} INFO - 
================================================================================
DAG File Processing Stats

File Path                    PID    Runtime      # DAGs    # Errors  Last Runtime    Last Run
---------------------------  -----  ---------  --------  ----------  --------------  -------------------
/opt/airflow/dags/backup.py                           1           0  0.16s           2023-05-03T12:32:49
================================================================================
[2023-05-03 12:33:49,625] {manager.py:803} INFO - 
================================================================================
DAG File Processing Stats

File Path                    PID    Runtime      # DAGs    # Errors  Last Runtime    Last Run
---------------------------  -----  ---------  --------  ----------  --------------  -------------------
/opt/airflow/dags/backup.py                           1           0  0.13s           2023-05-03T12:33:19
================================================================================
[2023-05-03 12:34:19,824] {manager.py:803} INFO - 
================================================================================
DAG File Processing Stats

File Path                    PID    Runtime      # DAGs    # Errors  Last Runtime    Last Run
---------------------------  -----  ---------  --------  ----------  --------------  -------------------
/opt/airflow/dags/backup.py                           1           0  0.18s           2023-05-03T12:33:49
================================================================================
[2023-05-03 12:34:50,067] {manager.py:803} INFO - 
================================================================================
DAG File Processing Stats

File Path                    PID    Runtime      # DAGs    # Errors  Last Runtime    Last Run
---------------------------  -----  ---------  --------  ----------  --------------  -------------------
/opt/airflow/dags/backup.py                           1           0  0.14s           2023-05-03T12:34:20
================================================================================
[2023-05-03 12:35:20,267] {manager.py:803} INFO - 
================================================================================
DAG File Processing Stats

File Path                    PID    Runtime      # DAGs    # Errors  Last Runtime    Last Run
---------------------------  -----  ---------  --------  ----------  --------------  -------------------
/opt/airflow/dags/backup.py                           1           0  0.15s           2023-05-03T12:34:50
================================================================================
[2023-05-03 12:35:50,464] {manager.py:803} INFO - 
================================================================================
DAG File Processing Stats

File Path                    PID    Runtime      # DAGs    # Errors  Last Runtime    Last Run
---------------------------  -----  ---------  --------  ----------  --------------  -------------------
/opt/airflow/dags/backup.py                           0           1  0.05s           2023-05-03T12:35:39
================================================================================
[2023-05-03 12:36:14,549] {manager.py:684} INFO - Searching for files in /opt/airflow/dags
[2023-05-03 12:36:14,554] {manager.py:687} INFO - There are 1 files in /opt/airflow/dags
[2023-05-03 12:36:20,623] {manager.py:803} INFO - 
================================================================================
DAG File Processing Stats

File Path                    PID    Runtime      # DAGs    # Errors  Last Runtime    Last Run
---------------------------  -----  ---------  --------  ----------  --------------  -------------------
/opt/airflow/dags/backup.py                           0           1  0.05s           2023-05-03T12:36:09
================================================================================
[2023-05-03 12:36:50,829] {manager.py:803} INFO - 
================================================================================
DAG File Processing Stats

File Path                    PID    Runtime      # DAGs    # Errors  Last Runtime    Last Run
---------------------------  -----  ---------  --------  ----------  --------------  -------------------
/opt/airflow/dags/backup.py                           1           0  0.24s           2023-05-03T12:36:48
================================================================================
[2023-05-03 12:37:21,152] {manager.py:803} INFO - 
================================================================================
DAG File Processing Stats

File Path                    PID    Runtime      # DAGs    # Errors  Last Runtime    Last Run
---------------------------  -----  ---------  --------  ----------  --------------  -------------------
/opt/airflow/dags/backup.py                           1           0  0.13s           2023-05-03T12:37:18
================================================================================
[2023-05-03 12:37:51,341] {manager.py:803} INFO - 
================================================================================
DAG File Processing Stats

File Path                    PID    Runtime      # DAGs    # Errors  Last Runtime    Last Run
---------------------------  -----  ---------  --------  ----------  --------------  -------------------
/opt/airflow/dags/backup.py                           1           0  0.20s           2023-05-03T12:37:48
================================================================================
[2023-05-03 12:38:21,618] {manager.py:803} INFO - 
================================================================================
DAG File Processing Stats

File Path                    PID    Runtime      # DAGs    # Errors  Last Runtime    Last Run
---------------------------  -----  ---------  --------  ----------  --------------  -------------------
/opt/airflow/dags/backup.py                           1           0  0.23s           2023-05-03T12:38:18
================================================================================
[2023-05-03 12:38:51,923] {manager.py:803} INFO - 
================================================================================
DAG File Processing Stats

File Path                    PID    Runtime      # DAGs    # Errors  Last Runtime    Last Run
---------------------------  -----  ---------  --------  ----------  --------------  -------------------
/opt/airflow/dags/backup.py                           1           0  0.26s           2023-05-03T12:38:49
================================================================================
[2023-05-03 12:39:22,275] {manager.py:803} INFO - 
================================================================================
DAG File Processing Stats

File Path                    PID    Runtime      # DAGs    # Errors  Last Runtime    Last Run
---------------------------  -----  ---------  --------  ----------  --------------  -------------------
/opt/airflow/dags/backup.py                           1           0  0.26s           2023-05-03T12:39:19
================================================================================
[2023-05-03 12:39:52,587] {manager.py:803} INFO - 
================================================================================
DAG File Processing Stats

File Path                    PID    Runtime      # DAGs    # Errors  Last Runtime    Last Run
---------------------------  -----  ---------  --------  ----------  --------------  -------------------
/opt/airflow/dags/backup.py                           1           0  0.21s           2023-05-03T12:39:49
================================================================================
[2023-05-03 12:40:22,865] {manager.py:803} INFO - 
================================================================================
DAG File Processing Stats

File Path                    PID    Runtime      # DAGs    # Errors  Last Runtime    Last Run
---------------------------  -----  ---------  --------  ----------  --------------  -------------------
/opt/airflow/dags/backup.py                           1           0  0.19s           2023-05-03T12:40:20
================================================================================
[2023-05-03 12:40:53,104] {manager.py:803} INFO - 
================================================================================
DAG File Processing Stats

File Path                    PID    Runtime      # DAGs    # Errors  Last Runtime    Last Run
---------------------------  -----  ---------  --------  ----------  --------------  -------------------
/opt/airflow/dags/backup.py                           1           0  0.10s           2023-05-03T12:40:50
================================================================================
[2023-05-03 12:41:15,161] {manager.py:684} INFO - Searching for files in /opt/airflow/dags
[2023-05-03 12:41:15,163] {manager.py:687} INFO - There are 1 files in /opt/airflow/dags
[2023-05-03 12:41:23,275] {manager.py:803} INFO - 
================================================================================
DAG File Processing Stats

File Path                    PID    Runtime      # DAGs    # Errors  Last Runtime    Last Run
---------------------------  -----  ---------  --------  ----------  --------------  -------------------
/opt/airflow/dags/backup.py                           1           0  0.25s           2023-05-03T12:41:20
================================================================================
[2023-05-03 12:41:53,536] {manager.py:803} INFO - 
================================================================================
DAG File Processing Stats

File Path                    PID    Runtime      # DAGs    # Errors  Last Runtime    Last Run
---------------------------  -----  ---------  --------  ----------  --------------  -------------------
/opt/airflow/dags/backup.py                           1           0  0.19s           2023-05-03T12:41:50
================================================================================
[2023-05-03 12:42:23,807] {manager.py:803} INFO - 
================================================================================
DAG File Processing Stats

File Path                    PID    Runtime      # DAGs    # Errors  Last Runtime    Last Run
---------------------------  -----  ---------  --------  ----------  --------------  -------------------
/opt/airflow/dags/backup.py                           1           0  0.24s           2023-05-03T12:42:21
================================================================================
[2023-05-03 12:42:54,105] {manager.py:803} INFO - 
================================================================================
DAG File Processing Stats

File Path                    PID    Runtime      # DAGs    # Errors  Last Runtime    Last Run
---------------------------  -----  ---------  --------  ----------  --------------  -------------------
/opt/airflow/dags/backup.py                           1           0  0.11s           2023-05-03T12:42:51
================================================================================
[2023-05-03 12:43:24,272] {manager.py:803} INFO - 
================================================================================
DAG File Processing Stats

File Path                    PID    Runtime      # DAGs    # Errors  Last Runtime    Last Run
---------------------------  -----  ---------  --------  ----------  --------------  -------------------
/opt/airflow/dags/backup.py                           1           0  0.11s           2023-05-03T12:43:21
================================================================================
[2023-05-03 12:43:54,453] {manager.py:803} INFO - 
================================================================================
DAG File Processing Stats

File Path                    PID    Runtime      # DAGs    # Errors  Last Runtime    Last Run
---------------------------  -----  ---------  --------  ----------  --------------  -------------------
/opt/airflow/dags/backup.py                           1           0  0.25s           2023-05-03T12:43:51
================================================================================
[2023-05-03 12:44:24,765] {manager.py:803} INFO - 
================================================================================
DAG File Processing Stats

File Path                    PID    Runtime      # DAGs    # Errors  Last Runtime    Last Run
---------------------------  -----  ---------  --------  ----------  --------------  -------------------
/opt/airflow/dags/backup.py                           1           0  0.22s           2023-05-03T12:44:21
================================================================================
[2023-05-03 12:44:55,033] {manager.py:803} INFO - 
================================================================================
DAG File Processing Stats

File Path                    PID    Runtime      # DAGs    # Errors  Last Runtime    Last Run
---------------------------  -----  ---------  --------  ----------  --------------  -------------------
/opt/airflow/dags/backup.py                           1           0  0.10s           2023-05-03T12:44:52
================================================================================
[2023-05-03 12:45:25,187] {manager.py:803} INFO - 
================================================================================
DAG File Processing Stats

File Path                    PID    Runtime      # DAGs    # Errors  Last Runtime    Last Run
---------------------------  -----  ---------  --------  ----------  --------------  -------------------
/opt/airflow/dags/backup.py                           1           0  0.16s           2023-05-03T12:45:22
================================================================================
[2023-05-03 12:45:55,397] {manager.py:803} INFO - 
================================================================================
DAG File Processing Stats

File Path                    PID    Runtime      # DAGs    # Errors  Last Runtime    Last Run
---------------------------  -----  ---------  --------  ----------  --------------  -------------------
/opt/airflow/dags/backup.py                           1           0  0.12s           2023-05-03T12:45:52
================================================================================
[2023-05-03 12:46:15,453] {manager.py:684} INFO - Searching for files in /opt/airflow/dags
[2023-05-03 12:46:15,456] {manager.py:687} INFO - There are 1 files in /opt/airflow/dags
[2023-05-03 12:46:25,569] {manager.py:803} INFO - 
================================================================================
DAG File Processing Stats

File Path                    PID    Runtime      # DAGs    # Errors  Last Runtime    Last Run
---------------------------  -----  ---------  --------  ----------  --------------  -------------------
/opt/airflow/dags/backup.py                           1           0  0.12s           2023-05-03T12:46:22
================================================================================
[2023-05-03 12:46:55,747] {manager.py:803} INFO - 
================================================================================
DAG File Processing Stats

File Path                    PID    Runtime      # DAGs    # Errors  Last Runtime    Last Run
---------------------------  -----  ---------  --------  ----------  --------------  -------------------
/opt/airflow/dags/backup.py                           1           0  0.20s           2023-05-03T12:46:52
================================================================================
[2023-05-03 12:47:26,013] {manager.py:803} INFO - 
================================================================================
DAG File Processing Stats

File Path                    PID    Runtime      # DAGs    # Errors  Last Runtime    Last Run
---------------------------  -----  ---------  --------  ----------  --------------  -------------------
/opt/airflow/dags/backup.py                           1           0  0.16s           2023-05-03T12:47:23
================================================================================
[2023-05-03 12:47:56,215] {manager.py:803} INFO - 
================================================================================
DAG File Processing Stats

File Path                    PID    Runtime      # DAGs    # Errors  Last Runtime    Last Run
---------------------------  -----  ---------  --------  ----------  --------------  -------------------
/opt/airflow/dags/backup.py                           1           0  0.23s           2023-05-03T12:47:53
================================================================================
[2023-05-03 12:48:26,519] {manager.py:803} INFO - 
================================================================================
DAG File Processing Stats

File Path                    PID    Runtime      # DAGs    # Errors  Last Runtime    Last Run
---------------------------  -----  ---------  --------  ----------  --------------  -------------------
/opt/airflow/dags/backup.py                           1           0  0.22s           2023-05-03T12:48:23
================================================================================
[2023-05-03 12:48:56,812] {manager.py:803} INFO - 
================================================================================
DAG File Processing Stats

File Path                    PID    Runtime      # DAGs    # Errors  Last Runtime    Last Run
---------------------------  -----  ---------  --------  ----------  --------------  -------------------
/opt/airflow/dags/backup.py                           1           0  0.22s           2023-05-03T12:48:54
================================================================================
[2023-05-03 12:49:27,089] {manager.py:803} INFO - 
================================================================================
DAG File Processing Stats

File Path                    PID    Runtime      # DAGs    # Errors  Last Runtime    Last Run
---------------------------  -----  ---------  --------  ----------  --------------  -------------------
/opt/airflow/dags/backup.py                           1           0  0.21s           2023-05-03T12:49:24
================================================================================
[2023-05-03 12:49:57,346] {manager.py:803} INFO - 
================================================================================
DAG File Processing Stats

File Path                    PID    Runtime      # DAGs    # Errors  Last Runtime    Last Run
---------------------------  -----  ---------  --------  ----------  --------------  -------------------
/opt/airflow/dags/backup.py                           1           0  0.19s           2023-05-03T12:49:54
================================================================================
[2023-05-03 12:50:27,590] {manager.py:803} INFO - 
================================================================================
DAG File Processing Stats

File Path                    PID    Runtime      # DAGs    # Errors  Last Runtime    Last Run
---------------------------  -----  ---------  --------  ----------  --------------  -------------------
/opt/airflow/dags/backup.py                           1           0  0.19s           2023-05-03T12:50:24
================================================================================
[2023-05-03 12:50:57,824] {manager.py:803} INFO - 
================================================================================
DAG File Processing Stats

File Path                    PID    Runtime      # DAGs    # Errors  Last Runtime    Last Run
---------------------------  -----  ---------  --------  ----------  --------------  -------------------
/opt/airflow/dags/backup.py                           1           0  0.12s           2023-05-03T12:50:54
================================================================================
[2023-05-03 12:51:15,868] {manager.py:684} INFO - Searching for files in /opt/airflow/dags
[2023-05-03 12:51:15,869] {manager.py:687} INFO - There are 1 files in /opt/airflow/dags
[2023-05-03 12:51:28,009] {manager.py:803} INFO - 
================================================================================
DAG File Processing Stats

File Path                    PID    Runtime      # DAGs    # Errors  Last Runtime    Last Run
---------------------------  -----  ---------  --------  ----------  --------------  -------------------
/opt/airflow/dags/backup.py                           1           0  0.13s           2023-05-03T12:51:25
================================================================================
[2023-05-03 12:51:58,180] {manager.py:803} INFO - 
================================================================================
DAG File Processing Stats

File Path                    PID    Runtime      # DAGs    # Errors  Last Runtime    Last Run
---------------------------  -----  ---------  --------  ----------  --------------  -------------------
/opt/airflow/dags/backup.py                           1           0  0.14s           2023-05-03T12:51:55
================================================================================
[2023-05-03 12:52:28,369] {manager.py:803} INFO - 
================================================================================
DAG File Processing Stats

File Path                    PID    Runtime      # DAGs    # Errors  Last Runtime    Last Run
---------------------------  -----  ---------  --------  ----------  --------------  -------------------
/opt/airflow/dags/backup.py                           1           0  0.36s           2023-05-03T12:52:25
================================================================================
[2023-05-03 12:52:58,800] {manager.py:803} INFO - 
================================================================================
DAG File Processing Stats

File Path                    PID    Runtime      # DAGs    # Errors  Last Runtime    Last Run
---------------------------  -----  ---------  --------  ----------  --------------  -------------------
/opt/airflow/dags/backup.py                           1           0  0.24s           2023-05-03T12:52:56
================================================================================
[2023-05-03 12:53:29,089] {manager.py:803} INFO - 
================================================================================
DAG File Processing Stats

File Path                    PID    Runtime      # DAGs    # Errors  Last Runtime    Last Run
---------------------------  -----  ---------  --------  ----------  --------------  -------------------
/opt/airflow/dags/backup.py                           1           0  0.17s           2023-05-03T12:53:26
================================================================================
[2023-05-03 12:53:59,316] {manager.py:803} INFO - 
================================================================================
DAG File Processing Stats

File Path                    PID    Runtime      # DAGs    # Errors  Last Runtime    Last Run
---------------------------  -----  ---------  --------  ----------  --------------  -------------------
/opt/airflow/dags/backup.py                           1           0  0.25s           2023-05-03T12:53:56
================================================================================
[2023-05-03 12:54:29,621] {manager.py:803} INFO - 
================================================================================
DAG File Processing Stats

File Path                    PID    Runtime      # DAGs    # Errors  Last Runtime    Last Run
---------------------------  -----  ---------  --------  ----------  --------------  -------------------
/opt/airflow/dags/backup.py                           1           0  0.19s           2023-05-03T12:54:26
================================================================================
[2023-05-03 12:54:59,857] {manager.py:803} INFO - 
================================================================================
DAG File Processing Stats

File Path                    PID    Runtime      # DAGs    # Errors  Last Runtime    Last Run
---------------------------  -----  ---------  --------  ----------  --------------  -------------------
/opt/airflow/dags/backup.py                           1           0  0.16s           2023-05-03T12:54:56
================================================================================
[2023-05-03 12:55:30,072] {manager.py:803} INFO - 
================================================================================
DAG File Processing Stats

File Path                    PID    Runtime      # DAGs    # Errors  Last Runtime    Last Run
---------------------------  -----  ---------  --------  ----------  --------------  -------------------
/opt/airflow/dags/backup.py                           1           0  0.15s           2023-05-03T12:55:27
================================================================================
[2023-05-03 12:56:00,283] {manager.py:803} INFO - 
================================================================================
DAG File Processing Stats

File Path                    PID    Runtime      # DAGs    # Errors  Last Runtime    Last Run
---------------------------  -----  ---------  --------  ----------  --------------  -------------------
/opt/airflow/dags/backup.py                           1           0  0.24s           2023-05-03T12:55:57
================================================================================
[2023-05-03 12:56:16,325] {manager.py:684} INFO - Searching for files in /opt/airflow/dags
[2023-05-03 12:56:16,328] {manager.py:687} INFO - There are 1 files in /opt/airflow/dags
[2023-05-03 12:56:30,575] {manager.py:803} INFO - 
================================================================================
DAG File Processing Stats

File Path                    PID    Runtime      # DAGs    # Errors  Last Runtime    Last Run
---------------------------  -----  ---------  --------  ----------  --------------  -------------------
/opt/airflow/dags/backup.py                           1           0  0.20s           2023-05-03T12:56:27
================================================================================
[2023-05-03 12:57:00,830] {manager.py:803} INFO - 
================================================================================
DAG File Processing Stats

File Path                    PID    Runtime      # DAGs    # Errors  Last Runtime    Last Run
---------------------------  -----  ---------  --------  ----------  --------------  -------------------
/opt/airflow/dags/backup.py                           1           0  0.20s           2023-05-03T12:56:58
================================================================================
[2023-05-03 12:57:31,087] {manager.py:803} INFO - 
================================================================================
DAG File Processing Stats

File Path                    PID    Runtime      # DAGs    # Errors  Last Runtime    Last Run
---------------------------  -----  ---------  --------  ----------  --------------  -------------------
/opt/airflow/dags/backup.py                           1           0  0.18s           2023-05-03T12:57:28
================================================================================
[2023-05-03 12:58:01,314] {manager.py:803} INFO - 
================================================================================
DAG File Processing Stats

File Path                    PID    Runtime      # DAGs    # Errors  Last Runtime    Last Run
---------------------------  -----  ---------  --------  ----------  --------------  -------------------
/opt/airflow/dags/backup.py                           1           0  0.16s           2023-05-03T12:57:58
================================================================================
[2023-05-03 12:58:31,543] {manager.py:803} INFO - 
================================================================================
DAG File Processing Stats

File Path                    PID    Runtime      # DAGs    # Errors  Last Runtime    Last Run
---------------------------  -----  ---------  --------  ----------  --------------  -------------------
/opt/airflow/dags/backup.py                           1           0  0.26s           2023-05-03T12:58:28
================================================================================
[2023-05-03 12:59:01,850] {manager.py:803} INFO - 
================================================================================
DAG File Processing Stats

File Path                    PID    Runtime      # DAGs    # Errors  Last Runtime    Last Run
---------------------------  -----  ---------  --------  ----------  --------------  -------------------
/opt/airflow/dags/backup.py                           1           0  0.17s           2023-05-03T12:58:59
================================================================================
[2023-05-03 12:59:32,084] {manager.py:803} INFO - 
================================================================================
DAG File Processing Stats

File Path                    PID    Runtime      # DAGs    # Errors  Last Runtime    Last Run
---------------------------  -----  ---------  --------  ----------  --------------  -------------------
/opt/airflow/dags/backup.py                           1           0  0.10s           2023-05-03T12:59:29
================================================================================
[2023-05-03 13:00:02,238] {manager.py:803} INFO - 
================================================================================
DAG File Processing Stats

File Path                    PID    Runtime      # DAGs    # Errors  Last Runtime    Last Run
---------------------------  -----  ---------  --------  ----------  --------------  -------------------
/opt/airflow/dags/backup.py                           1           0  0.20s           2023-05-03T12:59:59
================================================================================
[2023-05-03 13:00:32,500] {manager.py:803} INFO - 
================================================================================
DAG File Processing Stats

File Path                    PID    Runtime      # DAGs    # Errors  Last Runtime    Last Run
---------------------------  -----  ---------  --------  ----------  --------------  -------------------
/opt/airflow/dags/backup.py                           1           0  0.22s           2023-05-03T13:00:29
================================================================================
[2023-05-03 13:01:02,762] {manager.py:803} INFO - 
================================================================================
DAG File Processing Stats

File Path                    PID    Runtime      # DAGs    # Errors  Last Runtime    Last Run
---------------------------  -----  ---------  --------  ----------  --------------  -------------------
/opt/airflow/dags/backup.py                           1           0  0.21s           2023-05-03T13:00:59
================================================================================
[2023-05-03 13:01:16,795] {manager.py:684} INFO - Searching for files in /opt/airflow/dags
[2023-05-03 13:01:16,797] {manager.py:687} INFO - There are 1 files in /opt/airflow/dags
[2023-05-03 13:01:33,034] {manager.py:803} INFO - 
================================================================================
DAG File Processing Stats

File Path                    PID    Runtime      # DAGs    # Errors  Last Runtime    Last Run
---------------------------  -----  ---------  --------  ----------  --------------  -------------------
/opt/airflow/dags/backup.py                           1           0  0.20s           2023-05-03T13:01:30
================================================================================
[2023-05-03 13:02:03,275] {manager.py:803} INFO - 
================================================================================
DAG File Processing Stats

File Path                    PID    Runtime      # DAGs    # Errors  Last Runtime    Last Run
---------------------------  -----  ---------  --------  ----------  --------------  -------------------
/opt/airflow/dags/backup.py                           1           0  0.23s           2023-05-03T13:02:00
================================================================================
[2023-05-03 13:02:33,573] {manager.py:803} INFO - 
================================================================================
DAG File Processing Stats

File Path                    PID    Runtime      # DAGs    # Errors  Last Runtime    Last Run
---------------------------  -----  ---------  --------  ----------  --------------  -------------------
/opt/airflow/dags/backup.py                           1           0  0.15s           2023-05-03T13:02:30
================================================================================
[2023-05-03 13:03:03,766] {manager.py:803} INFO - 
================================================================================
DAG File Processing Stats

File Path                    PID    Runtime      # DAGs    # Errors  Last Runtime    Last Run
---------------------------  -----  ---------  --------  ----------  --------------  -------------------
/opt/airflow/dags/backup.py                           1           0  0.23s           2023-05-03T13:03:00
================================================================================
[2023-05-03 13:03:34,057] {manager.py:803} INFO - 
================================================================================
DAG File Processing Stats

File Path                    PID    Runtime      # DAGs    # Errors  Last Runtime    Last Run
---------------------------  -----  ---------  --------  ----------  --------------  -------------------
/opt/airflow/dags/backup.py                           1           0  0.22s           2023-05-03T13:03:31
================================================================================
[2023-05-03 13:04:04,338] {manager.py:803} INFO - 
================================================================================
DAG File Processing Stats

File Path                    PID    Runtime      # DAGs    # Errors  Last Runtime    Last Run
---------------------------  -----  ---------  --------  ----------  --------------  -------------------
/opt/airflow/dags/backup.py                           1           0  0.24s           2023-05-03T13:04:01
================================================================================
[2023-05-03 13:04:34,652] {manager.py:803} INFO - 
================================================================================
DAG File Processing Stats

File Path                    PID    Runtime      # DAGs    # Errors  Last Runtime    Last Run
---------------------------  -----  ---------  --------  ----------  --------------  -------------------
/opt/airflow/dags/backup.py                           1           0  0.28s           2023-05-03T13:04:31
================================================================================
[2023-05-03 13:05:04,987] {manager.py:803} INFO - 
================================================================================
DAG File Processing Stats

File Path                    PID    Runtime      # DAGs    # Errors  Last Runtime    Last Run
---------------------------  -----  ---------  --------  ----------  --------------  -------------------
/opt/airflow/dags/backup.py                           1           0  0.29s           2023-05-03T13:05:02
================================================================================
[2023-05-03 13:05:35,346] {manager.py:803} INFO - 
================================================================================
DAG File Processing Stats

File Path                    PID    Runtime      # DAGs    # Errors  Last Runtime    Last Run
---------------------------  -----  ---------  --------  ----------  --------------  -------------------
/opt/airflow/dags/backup.py                           1           0  0.27s           2023-05-03T13:05:32
================================================================================
[2023-05-03 13:06:05,678] {manager.py:803} INFO - 
================================================================================
DAG File Processing Stats

File Path                    PID    Runtime      # DAGs    # Errors  Last Runtime    Last Run
---------------------------  -----  ---------  --------  ----------  --------------  -------------------
/opt/airflow/dags/backup.py                           1           0  0.23s           2023-05-03T13:06:02
================================================================================
[2023-05-03 13:06:16,924] {manager.py:684} INFO - Searching for files in /opt/airflow/dags
[2023-05-03 13:06:16,926] {manager.py:687} INFO - There are 1 files in /opt/airflow/dags
[2023-05-03 13:06:36,015] {manager.py:803} INFO - 
================================================================================
DAG File Processing Stats

File Path                    PID    Runtime      # DAGs    # Errors  Last Runtime    Last Run
---------------------------  -----  ---------  --------  ----------  --------------  -------------------
/opt/airflow/dags/backup.py                           1           0  0.29s           2023-05-03T13:06:33
================================================================================
[2023-05-03 13:07:06,372] {manager.py:803} INFO - 
================================================================================
DAG File Processing Stats

File Path                    PID    Runtime      # DAGs    # Errors  Last Runtime    Last Run
---------------------------  -----  ---------  --------  ----------  --------------  -------------------
/opt/airflow/dags/backup.py                           1           0  0.32s           2023-05-03T13:07:03
================================================================================
[2023-05-03 13:07:36,755] {manager.py:803} INFO - 
================================================================================
DAG File Processing Stats

File Path                    PID    Runtime      # DAGs    # Errors  Last Runtime    Last Run
---------------------------  -----  ---------  --------  ----------  --------------  -------------------
/opt/airflow/dags/backup.py                           1           0  0.15s           2023-05-03T13:07:33
================================================================================
[2023-05-03 13:08:06,953] {manager.py:803} INFO - 
================================================================================
DAG File Processing Stats

File Path                    PID    Runtime      # DAGs    # Errors  Last Runtime    Last Run
---------------------------  -----  ---------  --------  ----------  --------------  -------------------
/opt/airflow/dags/backup.py                           1           0  0.14s           2023-05-03T13:08:04
================================================================================
[2023-05-03 13:08:37,147] {manager.py:803} INFO - 
================================================================================
DAG File Processing Stats

File Path                    PID    Runtime      # DAGs    # Errors  Last Runtime    Last Run
---------------------------  -----  ---------  --------  ----------  --------------  -------------------
/opt/airflow/dags/backup.py                           1           0  0.18s           2023-05-03T13:08:34
================================================================================
[2023-05-03 13:09:07,377] {manager.py:803} INFO - 
================================================================================
DAG File Processing Stats

File Path                    PID    Runtime      # DAGs    # Errors  Last Runtime    Last Run
---------------------------  -----  ---------  --------  ----------  --------------  -------------------
/opt/airflow/dags/backup.py                           1           0  0.16s           2023-05-03T13:09:04
================================================================================
[2023-05-03 13:09:37,576] {manager.py:803} INFO - 
================================================================================
DAG File Processing Stats

File Path                    PID    Runtime      # DAGs    # Errors  Last Runtime    Last Run
---------------------------  -----  ---------  --------  ----------  --------------  -------------------
/opt/airflow/dags/backup.py                           1           0  0.16s           2023-05-03T13:09:34
================================================================================
[2023-05-03 13:10:07,792] {manager.py:803} INFO - 
================================================================================
DAG File Processing Stats

File Path                    PID    Runtime      # DAGs    # Errors  Last Runtime    Last Run
---------------------------  -----  ---------  --------  ----------  --------------  -------------------
/opt/airflow/dags/backup.py                           1           0  0.27s           2023-05-03T13:10:05
================================================================================
[2023-05-03 13:10:38,119] {manager.py:803} INFO - 
================================================================================
DAG File Processing Stats

File Path                    PID    Runtime      # DAGs    # Errors  Last Runtime    Last Run
---------------------------  -----  ---------  --------  ----------  --------------  -------------------
/opt/airflow/dags/backup.py                           1           0  0.18s           2023-05-03T13:10:35
================================================================================
[2023-05-03 13:11:08,350] {manager.py:803} INFO - 
================================================================================
DAG File Processing Stats

File Path                    PID    Runtime      # DAGs    # Errors  Last Runtime    Last Run
---------------------------  -----  ---------  --------  ----------  --------------  -------------------
/opt/airflow/dags/backup.py                           1           0  0.22s           2023-05-03T13:11:05
================================================================================
[2023-05-03 13:11:17,366] {manager.py:684} INFO - Searching for files in /opt/airflow/dags
[2023-05-03 13:11:17,368] {manager.py:687} INFO - There are 1 files in /opt/airflow/dags
[2023-05-03 13:11:38,625] {manager.py:803} INFO - 
================================================================================
DAG File Processing Stats

File Path                    PID    Runtime      # DAGs    # Errors  Last Runtime    Last Run
---------------------------  -----  ---------  --------  ----------  --------------  -------------------
/opt/airflow/dags/backup.py                           1           0  0.11s           2023-05-03T13:11:35
================================================================================
